nohup: 忽略输入
RuntimeError: module compiled against API version 0xc but this version of numpy is 0xb
RuntimeError: module compiled against API version 0xc but this version of numpy is 0xb
------arguments-------
data_path: ../data/academic/
model_path: ../model_save/
A_n: 666080
P_n: 300708
V_n: 506320
in_f_d: 128
embed_d: 128
lr: 0.001
batch_s: 20000
mini_batch_s: 200
train_iter_n: 50
walk_n: 10
walk_L: 30
window: 5
random_seed: 10
train_test_label: 0
save_model_freq: 2
cuda: 0
checkpoint: 
computing sampling ratio for each kind of triple ...
sampling ratio computing finish.
HetGNN.py:38: FutureWarning: elementwise comparison failed; returning scalar instead, but in the future will perform elementwise comparison
  if feature_list[i] == '':
即将实例化模型
model training ...
iteration 0 ...
sampling triple relations ...
9
loss: tensor(1.3551, grad_fn=<MeanBackward0>)
iteration 0 finish.
iteration 1 ...
sampling triple relations ...
9
loss: tensor(1.3493, grad_fn=<MeanBackward0>)
iteration 1 finish.
iteration 2 ...
sampling triple relations ...
9
loss: tensor(1.3061, grad_fn=<MeanBackward0>)
iteration 2 finish.
iteration 3 ...
sampling triple relations ...
9
loss: tensor(1.2760, grad_fn=<MeanBackward0>)
iteration 3 finish.
iteration 4 ...
sampling triple relations ...
9
loss: tensor(1.2522, grad_fn=<MeanBackward0>)
iteration 4 finish.
iteration 5 ...
sampling triple relations ...
9
loss: tensor(1.2230, grad_fn=<MeanBackward0>)
iteration 5 finish.
iteration 6 ...
sampling triple relations ...
9
loss: tensor(1.2285, grad_fn=<MeanBackward0>)
iteration 6 finish.
iteration 7 ...
sampling triple relations ...
9
loss: tensor(1.2073, grad_fn=<MeanBackward0>)
iteration 7 finish.
iteration 8 ...
sampling triple relations ...
9
loss: tensor(1.2109, grad_fn=<MeanBackward0>)
iteration 8 finish.
iteration 9 ...
sampling triple relations ...
9
loss: tensor(1.1833, grad_fn=<MeanBackward0>)
iteration 9 finish.
iteration 10 ...
sampling triple relations ...
9
loss: tensor(1.2039, grad_fn=<MeanBackward0>)
iteration 10 finish.
iteration 11 ...
sampling triple relations ...
9
loss: tensor(1.1675, grad_fn=<MeanBackward0>)
iteration 11 finish.
iteration 12 ...
sampling triple relations ...
9
loss: tensor(1.1498, grad_fn=<MeanBackward0>)
iteration 12 finish.
iteration 13 ...
sampling triple relations ...
